Removed Pin From Net: NetName=PWM1 Pin=P?-1
Removed Pin From Net: NetName=PWM2 Pin=P?-2
Removed Pin From Net: NetName=EN Pin=P?-3
Removed Pin From Net: NetName=GND Pin=P?-4
Removed Pin From Net: NetName=CURRENT_SENSE Pin=P?-6
Removed Pin From Net: NetName=V_BAT Pin=P?-7
Removed Member From Class: ClassName=MainBoard_Schematic Member=P?
Added Component: Designator=BOARD_CONNECTOR(HDR1X7)
Added Pin To Net: NetName=EN Pin=7805_FPT-3
Added Pin To Net: NetName=V_BAT Pin=BOARD_CONNECTOR-1
Added Pin To Net: NetName=GND Pin=BOARD_CONNECTOR-2
Added Pin To Net: NetName=EN Pin=BOARD_CONNECTOR-4
Added Pin To Net: NetName=PWM2 Pin=BOARD_CONNECTOR-6
Added Pin To Net: NetName=PWM1 Pin=BOARD_CONNECTOR-7
Added Pin To Net: NetName=EN Pin=CMP-8
Added Pin To Net: NetName=EN Pin=P2-16
Added Pin To Net: NetName=EN Pin=P5-2
Added Pin To Net: NetName=EN Pin=R1-2
Added Pin To Net: NetName=EN Pin=R2-1
Added Member To Class: ClassName=MainBoard_Schematic Member=Component BOARD_CONNECTOR 7 Pin Connector
Added Room: Name=MainBoard_Schematic
