Removed Pin From Net: NetName=AN4_18 Pin=P3-1
Removed Pin From Net: NetName=AN5_20 Pin=P3-2
Removed Pin From Net: NetName=AN1_23 Pin=P3-3
Removed Pin From Net: NetName=IN1 Pin=P4-1
Removed Pin From Net: NetName=IN2 Pin=P4-2
Removed Pin From Net: NetName=IN3 Pin=P4-3
Removed Pin From Net: NetName=RX Pin=P5-1
Removed Pin From Net: NetName=TX Pin=P5-2
Removed Pin From Net: NetName=OUT3_PWM Pin=P5-3
Removed Pin From Net: NetName=SPI_IN_12 Pin=P6-1
Removed Pin From Net: NetName=SPI_OUT_10 Pin=P6-2
Removed Pin From Net: NetName=SPI_CLK_8 Pin=P6-3
Removed Pin From Net: NetName=I2C_CLK Pin=P7-1
Removed Pin From Net: NetName=SPI_CS_14 Pin=P7-3
Removed Pin From Net: NetName=V_5V_FPT Pin=P8-1
Removed Pin From Net: NetName=3V3FLYPORT Pin=P8-2
Added Component: Designator=Poignard 1(Poignard)
Added Component: Designator=Poignard 2(Poignard)
Added Pin To Net: NetName=SPI_IN_12 Pin=P2-11
Added Pin To Net: NetName=AN5_20 Pin=P3-1
Added Pin To Net: NetName=OUT3_PWM Pin=P3-2
Added Pin To Net: NetName=AN4_18 Pin=P3-3
Added Pin To Net: NetName=IN3 Pin=P4-1
Added Pin To Net: NetName=SPI_CLK_8 Pin=P4-2
Added Pin To Net: NetName=IN2 Pin=P4-3
Added Pin To Net: NetName=TX Pin=P5-1
Added Pin To Net: NetName=V_5V_FPT Pin=P5-2
Added Pin To Net: NetName=RX Pin=P5-3
Added Pin To Net: NetName=SPI_CS_14 Pin=P6-1
Added Pin To Net: NetName=SPI_IN_12 Pin=P6-2
Added Pin To Net: NetName=SPI_OUT_10 Pin=P6-3
Added Pin To Net: NetName=IN1 Pin=P7-1
Added Pin To Net: NetName=I2C_CLK Pin=P7-3
Added Pin To Net: NetName=3V3FLYPORT Pin=P8-1
Added Pin To Net: NetName=AN1_23 Pin=P8-2
Added Pin To Net: NetName=NetR3_1 Pin=Poignard 1-1
Added Pin To Net: NetName=EN Pin=Poignard 2-1
Change Net Name : Old Net Name=NetR3_1 New Net Name=NetPoignard 1_1
Added Member To Class: ClassName=L298 Member=Component Poignard 1 Poignard
Added Member To Class: ClassName=L298 Member=Component Poignard 2 Poignard
Added Room: Name=L298
