Removed Pin From Net: NetName=GND Pin=C1-2
Removed Pin From Net: NetName=V_BAT Pin=D1-K
Removed Pin From Net: NetName=GND Pin=D2-A
Removed Pin From Net: NetName=V_BAT Pin=D3-K
Removed Pin From Net: NetName=GND Pin=D4-A
Removed Pin From Net: NetName=V_BAT Pin=P9-2
Removed Pin From Net: NetName=GND Pin=Pbat-2
Removed Pin From Net: NetName=GND Pin=R3-2
Removed Pin From Net: NetName=V_BAT Pin=U1-4
Removed Pin From Net: NetName=PWM1 Pin=U1-5
Removed Pin From Net: NetName=EN Pin=U1-6
Removed Pin From Net: NetName=PWM2 Pin=U1-7
Removed Pin From Net: NetName=GND Pin=U1-8
Removed Pin From Net: NetName=V_5V_FPT Pin=U1-9
Removed Pin From Net: NetName=PWM2 Pin=U1-10
Removed Pin From Net: NetName=EN Pin=U1-11
Removed Pin From Net: NetName=PWM1 Pin=U1-12
Change Component Designator: OldDesignator=P1 NewDesignator=P_SERVO
Change Component Designator: OldDesignator=Palim9v NewDesignator=P_9V
Change Component Designator: OldDesignator=U2 NewDesignator=CMP
Added Component: Designator=P?(HDR1X7)
Added Pin To Net: NetName=PWM1 Pin=P?-1
Added Pin To Net: NetName=PWM2 Pin=P?-2
Added Pin To Net: NetName=EN Pin=P?-3
Added Pin To Net: NetName=GND Pin=P?-4
Added Pin To Net: NetName=V_5V_FPT Pin=P?-5
Added Pin To Net: NetName=V_BAT Pin=P?-7
Change Net Name : Old Net Name=NetR2_2 New Net Name=NetCMP_2
Change Net Name : Old Net Name=NetU2_5 New Net Name=NetCMP_5
Added Pin To Net: NetName=CURRENT_SENSE Pin=CMP-3
Added Pin To Net: NetName=CURRENT_SENSE Pin=P?-6
Added Net: Name=CURRENT_SENSE
Added Class: Name=MainBoard_Schematic
Added Room: Name=MainBoard_Schematic
