\BOOKMARK [0][-]{chapter.1}{Rapport technique}{}% 1
\BOOKMARK [1][-]{section.1.1}{Cahier des charges}{chapter.1}% 2
\BOOKMARK [1][-]{section.1.2}{Sch\351ma fonctionnel}{chapter.1}% 3
\BOOKMARK [1][-]{section.1.3}{Solutions techniques \340 mettre en oeuvre}{chapter.1}% 4
\BOOKMARK [2][-]{subsection.1.3.1}{Voiture}{section.1.3}% 5
\BOOKMARK [2][-]{subsection.1.3.2}{Commande}{section.1.3}% 6
\BOOKMARK [1][-]{section.1.4}{R\351alisation technique}{chapter.1}% 7
\BOOKMARK [2][-]{subsection.1.4.1}{Choix techniques retenus}{section.1.4}% 8
\BOOKMARK [2][-]{subsection.1.4.2}{R\351alisation des PCB}{section.1.4}% 9
\BOOKMARK [2][-]{subsection.1.4.3}{Logiciel de commande }{section.1.4}% 10
\BOOKMARK [1][-]{section.1.5}{Tests finaux}{chapter.1}% 11
\BOOKMARK [2][-]{subsection.1.5.1}{Port\351e de la voiture}{section.1.5}% 12
\BOOKMARK [2][-]{subsection.1.5.2}{Autonomie}{section.1.5}% 13
\BOOKMARK [2][-]{subsection.1.5.3}{Choix des param\350tres moteurs}{section.1.5}% 14
\BOOKMARK [0][-]{chapter.2}{Gestion de projet}{}% 15
\BOOKMARK [1][-]{section.2.1}{Aspects organisationnels}{chapter.2}% 16
\BOOKMARK [1][-]{section.2.2}{Diagramme de Gant}{chapter.2}% 17
\BOOKMARK [1][-]{section.2.3}{Gestion financi\350re}{chapter.2}% 18
\BOOKMARK [1][-]{section.2.4}{Retours personnels de projet}{chapter.2}% 19
\BOOKMARK [0][-]{chapter.3}{Conclusion}{}% 20
\BOOKMARK [0][-]{chapter.4}{Annexes}{}% 21
